1: [notification] [2016-Feb-23 15:56:01.200329] [0x00007f3011be3700] - /root/taxrates_download_api/csv/201602/TAXRATES_ZIP5_AK201602.csv
3: [notification] [2016-Feb-23 15:56:01.200395] [0x00007f30083e0700] - /root/taxrates_download_api/csv/201602/TAXRATES_ZIP5_AZ201602.csv
4: [notification] [2016-Feb-23 15:56:01.200412] [0x00007f300bfff700] - /root/taxrates_download_api/csv/201602/TAXRATES_ZIP5_CA201602.csv
5: [notification] [2016-Feb-23 15:56:01.200628] [0x00007f300b7fe700] - /root/taxrates_download_api/csv/201602/TAXRATES_ZIP5_CO201602.csv
0: [notification] [2016-Feb-23 15:56:01.200275] [0x00007f30113e2700] - /root/taxrates_download_api/csv/201602/TAXRATES_ZIP5_AL201602.csv
6: [notification] [2016-Feb-23 15:56:01.200934] [0x00007f300affd700] - /root/taxrates_download_api/csv/201602/TAXRATES_ZIP5_CT201602.csv
10: [notification] [2016-Feb-23 15:56:01.201771] [0x00007f3007bdf700] - /root/taxrates_download_api/csv/201602/TAXRATES_ZIP5_IA201602.csv
11: [notification] [2016-Feb-23 15:56:01.201792] [0x00007f3008ff9700] - /root/taxrates_download_api/csv/201602/TAXRATES_ZIP5_HI201602.csv
2: [notification] [2016-Feb-23 15:56:01.200364] [0x00007f3010be1700] - /root/taxrates_download_api/csv/201602/TAXRATES_ZIP5_AR201602.csv
7: [notification] [2016-Feb-23 15:56:01.201284] [0x00007f300a7fc700] - /root/taxrates_download_api/csv/201602/TAXRATES_ZIP5_DE201602.csv
8: [notification] [2016-Feb-23 15:56:01.201450] [0x00007f3009ffb700] - /root/taxrates_download_api/csv/201602/TAXRATES_ZIP5_FL201602.csv
9: [notification] [2016-Feb-23 15:56:01.201602] [0x00007f30097fa700] - /root/taxrates_download_api/csv/201602/TAXRATES_ZIP5_GA201602.csv
12: [notification] [2016-Feb-23 15:56:01.202529] [0x00007f30073de700] - /root/taxrates_download_api/csv/201602/TAXRATES_ZIP5_ID201602.csv
13: [notification] [2016-Feb-23 15:56:01.203181] [0x00007f3006bdd700] - /root/taxrates_download_api/csv/201602/TAXRATES_ZIP5_IL201602.csv
14: [notification] [2016-Feb-23 15:56:01.203828] [0x00007f30063dc700] - /root/taxrates_download_api/csv/201602/TAXRATES_ZIP5_IN201602.csv
15: [notification] [2016-Feb-23 15:56:01.206290] [0x00007f3005bdb700] - /root/taxrates_download_api/csv/201602/TAXRATES_ZIP5_KS201602.csv
16: [notification] [2016-Feb-23 15:56:01.206491] [0x00007f30053da700] - /root/taxrates_download_api/csv/201602/TAXRATES_ZIP5_KY201602.csv
17: [notification] [2016-Feb-23 15:56:01.207135] [0x00007f3004bd9700] - /root/taxrates_download_api/csv/201602/TAXRATES_ZIP5_LA201602.csv
18: [notification] [2016-Feb-23 15:56:01.208524] [0x00007f2ffffff700] - /root/taxrates_download_api/csv/201602/TAXRATES_ZIP5_MA201602.csv
19: [notification] [2016-Feb-23 15:56:01.209080] [0x00007f2fff7fe700] - /root/taxrates_download_api/csv/201602/TAXRATES_ZIP5_MD201602.csv
20: [notification] [2016-Feb-23 15:56:01.209194] [0x00007f2ffeffd700] - /root/taxrates_download_api/csv/201602/TAXRATES_ZIP5_ME201602.csv
21: [notification] [2016-Feb-23 15:56:01.209465] [0x00007f2ffe7fc700] - /root/taxrates_download_api/csv/201602/TAXRATES_ZIP5_MI201602.csv
22: [notification] [2016-Feb-23 15:56:01.210524] [0x00007f2ffd7fa700] - /root/taxrates_download_api/csv/201602/TAXRATES_ZIP5_MO201602.csv
23: [notification] [2016-Feb-23 15:56:01.210565] [0x00007f2ffdffb700] - /root/taxrates_download_api/csv/201602/TAXRATES_ZIP5_MN201602.csv
24: [notification] [2016-Feb-23 15:56:01.211300] [0x00007f2ffcff9700] - /root/taxrates_download_api/csv/201602/TAXRATES_ZIP5_MS201602.csv
25: [notification] [2016-Feb-23 15:56:01.212447] [0x00007f2fdffff700] - /root/taxrates_download_api/csv/201602/TAXRATES_ZIP5_MT201602.csv
26: [notification] [2016-Feb-23 15:56:01.213291] [0x00007f2fdf7fe700] - /root/taxrates_download_api/csv/201602/TAXRATES_ZIP5_NC201602.csv
27: [notification] [2016-Feb-23 15:56:01.213857] [0x00007f2fdeffd700] - /root/taxrates_download_api/csv/201602/TAXRATES_ZIP5_ND201602.csv
28: [notification] [2016-Feb-23 15:56:01.214371] [0x00007f2fde7fc700] - /root/taxrates_download_api/csv/201602/TAXRATES_ZIP5_NE201602.csv
29: [notification] [2016-Feb-23 15:56:01.214610] [0x00007f2fddffb700] - /root/taxrates_download_api/csv/201602/TAXRATES_ZIP5_NH201602.csv
30: [notification] [2016-Feb-23 15:56:01.215429] [0x00007f2fdd7fa700] - /root/taxrates_download_api/csv/201602/TAXRATES_ZIP5_NJ201602.csv
31: [notification] [2016-Feb-23 15:56:01.216147] [0x00007f2fdcff9700] - /root/taxrates_download_api/csv/201602/TAXRATES_ZIP5_NM201602.csv
32: [notification] [2016-Feb-23 15:56:01.216780] [0x00007f2f87fff700] - /root/taxrates_download_api/csv/201602/TAXRATES_ZIP5_NV201602.csv
33: [notification] [2016-Feb-23 15:56:01.217032] [0x00007f2f877fe700] - /root/taxrates_download_api/csv/201602/TAXRATES_ZIP5_NY201602.csv
34: [notification] [2016-Feb-23 15:56:01.217486] [0x00007f2f86ffd700] - /root/taxrates_download_api/csv/201602/TAXRATES_ZIP5_OH201602.csv
35: [notification] [2016-Feb-23 15:56:01.217708] [0x00007f2f867fc700] - /root/taxrates_download_api/csv/201602/TAXRATES_ZIP5_OK201602.csv
36: [notification] [2016-Feb-23 15:56:01.218247] [0x00007f2f85ffb700] - /root/taxrates_download_api/csv/201602/TAXRATES_ZIP5_OR201602.csv
37: [notification] [2016-Feb-23 15:56:01.218916] [0x00007f2f857fa700] - /root/taxrates_download_api/csv/201602/TAXRATES_ZIP5_PA201602.csv
38: [notification] [2016-Feb-23 15:56:01.219885] [0x00007f2f84ff9700] - /root/taxrates_download_api/csv/201602/TAXRATES_ZIP5_RI201602.csv
39: [notification] [2016-Feb-23 15:56:01.220474] [0x00007f2f63fff700] - /root/taxrates_download_api/csv/201602/TAXRATES_ZIP5_SC201602.csv
41: [notification] [2016-Feb-23 15:56:01.220778] [0x00007f2f62ffd700] - /root/taxrates_download_api/csv/201602/TAXRATES_ZIP5_TN201602.csv
40: [notification] [2016-Feb-23 15:56:01.220742] [0x00007f2f637fe700] - /root/taxrates_download_api/csv/201602/TAXRATES_ZIP5_SD201602.csv
42: [notification] [2016-Feb-23 15:56:01.221468] [0x00007f2f627fc700] - /root/taxrates_download_api/csv/201602/TAXRATES_ZIP5_TX201602.csv
44: [notification] [2016-Feb-23 15:56:01.221858] [0x00007f2f61ffb700] - /root/taxrates_download_api/csv/201602/TAXRATES_ZIP5_UT201602.csv
43: [notification] [2016-Feb-23 15:56:01.221825] [0x00007f2f617fa700] - /root/taxrates_download_api/csv/201602/TAXRATES_ZIP5_VT201602.csv
45: [notification] [2016-Feb-23 15:56:01.223250] [0x00007f2f60ff9700] - /root/taxrates_download_api/csv/201602/TAXRATES_ZIP5_VA201602.csv
47: [notification] [2016-Feb-23 15:56:01.223676] [0x00007f2f43fff700] - /root/taxrates_download_api/csv/201602/TAXRATES_ZIP5_WA201602.csv
46: [notification] [2016-Feb-23 15:56:01.223383] [0x00007f2f437fe700] - /root/taxrates_download_api/csv/201602/TAXRATES_ZIP5_WI201602.csv
48: [notification] [2016-Feb-23 15:56:01.224379] [0x00007f2f42ffd700] - /root/taxrates_download_api/csv/201602/TAXRATES_ZIP5_WV201602.csv
49: [notification] [2016-Feb-23 15:56:01.225302] [0x00007f2f427fc700] - /root/taxrates_download_api/csv/201602/TAXRATES_ZIP5_WY201602.csv
50: [notification] [2016-Feb-23 15:56:01.225595] [0x00007f2f41ffb700] - /root/taxrates_download_api/csv/201602/TAXRATES_ZIP5_DC201602.csv
51: [notification] [2016-Feb-23 15:56:01.226251] [0x00007f2f417fa700] - /root/taxrates_download_api/csv/201602/TAXRATES_ZIP5_PR201602.csv
