1: [notification] [2016-Feb-23 15:53:26.816164] [0x00007fe393ebf700] - /root/taxrates_download_api/csv/201602/TAXRATES_ZIP5_AR201602.csv
3: [notification] [2016-Feb-23 15:53:26.816197] [0x00007fe3936be700] - /root/taxrates_download_api/csv/201602/TAXRATES_ZIP5_AZ201602.csv
2: [notification] [2016-Feb-23 15:53:26.816183] [0x00007fe3946c0700] - /root/taxrates_download_api/csv/201602/TAXRATES_ZIP5_AL201602.csv
11: [notification] [2016-Feb-23 15:53:26.818119] [0x00007fe372ffd700] - /root/taxrates_download_api/csv/201602/TAXRATES_ZIP5_IA201602.csv
5: [notification] [2016-Feb-23 15:53:26.816434] [0x00007fe3926bc700] - /root/taxrates_download_api/csv/201602/TAXRATES_ZIP5_CO201602.csv
6: [notification] [2016-Feb-23 15:53:26.816495] [0x00007fe391ebb700] - /root/taxrates_download_api/csv/201602/TAXRATES_ZIP5_CT201602.csv
12: [notification] [2016-Feb-23 15:53:26.818189] [0x00007fe3727fc700] - /root/taxrates_download_api/csv/201602/TAXRATES_ZIP5_ID201602.csv
7: [notification] [2016-Feb-23 15:53:26.816784] [0x00007fe3916ba700] - /root/taxrates_download_api/csv/201602/TAXRATES_ZIP5_DE201602.csv
9: [notification] [2016-Feb-23 15:53:26.817305] [0x00007fe373fff700] - /root/taxrates_download_api/csv/201602/TAXRATES_ZIP5_GA201602.csv
8: [notification] [2016-Feb-23 15:53:26.817290] [0x00007fe390eb9700] - /root/taxrates_download_api/csv/201602/TAXRATES_ZIP5_FL201602.csv
0: [notification] [2016-Feb-23 15:53:26.816083] [0x00007fe394ec1700] - /root/taxrates_download_api/csv/201602/TAXRATES_ZIP5_AK201602.csv
10: [notification] [2016-Feb-23 15:53:26.817997] [0x00007fe3737fe700] - /root/taxrates_download_api/csv/201602/TAXRATES_ZIP5_HI201602.csv
4: [notification] [2016-Feb-23 15:53:26.816352] [0x00007fe392ebd700] - /root/taxrates_download_api/csv/201602/TAXRATES_ZIP5_CA201602.csv
13: [notification] [2016-Feb-23 15:53:26.818309] [0x00007fe371ffb700] - /root/taxrates_download_api/csv/201602/TAXRATES_ZIP5_IL201602.csv
14: [notification] [2016-Feb-23 15:53:26.818701] [0x00007fe3717fa700] - /root/taxrates_download_api/csv/201602/TAXRATES_ZIP5_IN201602.csv
15: [notification] [2016-Feb-23 15:53:26.820547] [0x00007fe370ff9700] - /root/taxrates_download_api/csv/201602/TAXRATES_ZIP5_KS201602.csv
17: [notification] [2016-Feb-23 15:53:26.821059] [0x00007fe347fff700] - /root/taxrates_download_api/csv/201602/TAXRATES_ZIP5_LA201602.csv
16: [notification] [2016-Feb-23 15:53:26.821012] [0x00007fe34ffff700] - /root/taxrates_download_api/csv/201602/TAXRATES_ZIP5_KY201602.csv
18: [notification] [2016-Feb-23 15:53:26.821786] [0x00007fe34f7fe700] - /root/taxrates_download_api/csv/201602/TAXRATES_ZIP5_MA201602.csv
19: [notification] [2016-Feb-23 15:53:26.821893] [0x00007fe34effd700] - /root/taxrates_download_api/csv/201602/TAXRATES_ZIP5_MD201602.csv
20: [notification] [2016-Feb-23 15:53:26.822558] [0x00007fe34e7fc700] - /root/taxrates_download_api/csv/201602/TAXRATES_ZIP5_ME201602.csv
21: [notification] [2016-Feb-23 15:53:26.823265] [0x00007fe34dffb700] - /root/taxrates_download_api/csv/201602/TAXRATES_ZIP5_MI201602.csv
22: [notification] [2016-Feb-23 15:53:26.823618] [0x00007fe34d7fa700] - /root/taxrates_download_api/csv/201602/TAXRATES_ZIP5_MN201602.csv
23: [notification] [2016-Feb-23 15:53:26.823981] [0x00007fe34cff9700] - /root/taxrates_download_api/csv/201602/TAXRATES_ZIP5_MO201602.csv
24: [notification] [2016-Feb-23 15:53:26.824880] [0x00007fe3477fe700] - /root/taxrates_download_api/csv/201602/TAXRATES_ZIP5_MS201602.csv
25: [notification] [2016-Feb-23 15:53:26.825295] [0x00007fe346ffd700] - /root/taxrates_download_api/csv/201602/TAXRATES_ZIP5_MT201602.csv
26: [notification] [2016-Feb-23 15:53:26.827030] [0x00007fe3467fc700] - /root/taxrates_download_api/csv/201602/TAXRATES_ZIP5_NC201602.csv
27: [notification] [2016-Feb-23 15:53:26.827578] [0x00007fe345ffb700] - /root/taxrates_download_api/csv/201602/TAXRATES_ZIP5_ND201602.csv
28: [notification] [2016-Feb-23 15:53:26.828272] [0x00007fe3457fa700] - /root/taxrates_download_api/csv/201602/TAXRATES_ZIP5_NE201602.csv
29: [notification] [2016-Feb-23 15:53:26.828450] [0x00007fe344ff9700] - /root/taxrates_download_api/csv/201602/TAXRATES_ZIP5_NH201602.csv
30: [notification] [2016-Feb-23 15:53:26.829384] [0x00007fe30bfff700] - /root/taxrates_download_api/csv/201602/TAXRATES_ZIP5_NJ201602.csv
31: [notification] [2016-Feb-23 15:53:26.830980] [0x00007fe30b7fe700] - /root/taxrates_download_api/csv/201602/TAXRATES_ZIP5_NM201602.csv
32: [notification] [2016-Feb-23 15:53:26.831349] [0x00007fe30affd700] - /root/taxrates_download_api/csv/201602/TAXRATES_ZIP5_NV201602.csv
33: [notification] [2016-Feb-23 15:53:26.832120] [0x00007fe30a7fc700] - /root/taxrates_download_api/csv/201602/TAXRATES_ZIP5_NY201602.csv
34: [notification] [2016-Feb-23 15:53:26.832543] [0x00007fe309ffb700] - /root/taxrates_download_api/csv/201602/TAXRATES_ZIP5_OH201602.csv
35: [notification] [2016-Feb-23 15:53:26.833252] [0x00007fe3097fa700] - /root/taxrates_download_api/csv/201602/TAXRATES_ZIP5_OK201602.csv
36: [notification] [2016-Feb-23 15:53:26.833378] [0x00007fe308ff9700] - /root/taxrates_download_api/csv/201602/TAXRATES_ZIP5_OR201602.csv
37: [notification] [2016-Feb-23 15:53:26.834699] [0x00007fe2ebfff700] - /root/taxrates_download_api/csv/201602/TAXRATES_ZIP5_PA201602.csv
38: [notification] [2016-Feb-23 15:53:26.835054] [0x00007fe2eb7fe700] - /root/taxrates_download_api/csv/201602/TAXRATES_ZIP5_RI201602.csv
39: [notification] [2016-Feb-23 15:53:26.835458] [0x00007fe2eaffd700] - /root/taxrates_download_api/csv/201602/TAXRATES_ZIP5_SC201602.csv
40: [notification] [2016-Feb-23 15:53:26.836597] [0x00007fe2ea7fc700] - /root/taxrates_download_api/csv/201602/TAXRATES_ZIP5_SD201602.csv
41: [notification] [2016-Feb-23 15:53:26.836969] [0x00007fe2e9ffb700] - /root/taxrates_download_api/csv/201602/TAXRATES_ZIP5_TN201602.csv
42: [notification] [2016-Feb-23 15:53:26.837428] [0x00007fe2e97fa700] - /root/taxrates_download_api/csv/201602/TAXRATES_ZIP5_TX201602.csv
43: [notification] [2016-Feb-23 15:53:26.838585] [0x00007fe2e8ff9700] - /root/taxrates_download_api/csv/201602/TAXRATES_ZIP5_UT201602.csv
44: [notification] [2016-Feb-23 15:53:26.839299] [0x00007fe2d3fff700] - /root/taxrates_download_api/csv/201602/TAXRATES_ZIP5_VT201602.csv
46: [notification] [2016-Feb-23 15:53:26.839563] [0x00007fe2d2ffd700] - /root/taxrates_download_api/csv/201602/TAXRATES_ZIP5_WA201602.csv
45: [notification] [2016-Feb-23 15:53:26.839366] [0x00007fe2d37fe700] - /root/taxrates_download_api/csv/201602/TAXRATES_ZIP5_VA201602.csv
47: [notification] [2016-Feb-23 15:53:26.840483] [0x00007fe2d27fc700] - /root/taxrates_download_api/csv/201602/TAXRATES_ZIP5_WI201602.csv
48: [notification] [2016-Feb-23 15:53:26.841036] [0x00007fe2d1ffb700] - /root/taxrates_download_api/csv/201602/TAXRATES_ZIP5_WV201602.csv
49: [notification] [2016-Feb-23 15:53:26.841128] [0x00007fe2d17fa700] - /root/taxrates_download_api/csv/201602/TAXRATES_ZIP5_WY201602.csv
50: [notification] [2016-Feb-23 15:53:26.842243] [0x00007fe2d0ff9700] - /root/taxrates_download_api/csv/201602/TAXRATES_ZIP5_DC201602.csv
51: [notification] [2016-Feb-23 15:53:26.842542] [0x00007fe2affff700] - /root/taxrates_download_api/csv/201602/TAXRATES_ZIP5_PR201602.csv
