5: [notification] [2016-Feb-23 16:17:45.319637] [0x00007f47a4d96700] - /root/taxrates_download_api/csv/201602/TAXRATES_ZIP5_CA201602.csv
10: [notification] [2016-Feb-23 16:17:45.320875] [0x00007f47957fa700] - /root/taxrates_download_api/csv/201602/TAXRATES_ZIP5_HI201602.csv
7: [notification] [2016-Feb-23 16:17:45.319939] [0x00007f4796ffd700] - /root/taxrates_download_api/csv/201602/TAXRATES_ZIP5_DE201602.csv
1: [notification] [2016-Feb-23 16:17:45.319171] [0x00007f47a5597700] - /root/taxrates_download_api/csv/201602/TAXRATES_ZIP5_AZ201602.csv
2: [notification] [2016-Feb-23 16:17:45.319185] [0x00007f47a6599700] - /root/taxrates_download_api/csv/201602/TAXRATES_ZIP5_AL201602.csv
11: [notification] [2016-Feb-23 16:17:45.321447] [0x00007f4794ff9700] - /root/taxrates_download_api/csv/201602/TAXRATES_ZIP5_IA201602.csv
4: [notification] [2016-Feb-23 16:17:45.319612] [0x00007f4797fff700] - /root/taxrates_download_api/csv/201602/TAXRATES_ZIP5_CO201602.csv
13: [notification] [2016-Feb-23 16:17:45.321744] [0x00007f478f7fe700] - /root/taxrates_download_api/csv/201602/TAXRATES_ZIP5_IL201602.csv
9: [notification] [2016-Feb-23 16:17:45.320789] [0x00007f4795ffb700] - /root/taxrates_download_api/csv/201602/TAXRATES_ZIP5_GA201602.csv
15: [notification] [2016-Feb-23 16:17:45.322091] [0x00007f478e7fc700] - /root/taxrates_download_api/csv/201602/TAXRATES_ZIP5_KS201602.csv
6: [notification] [2016-Feb-23 16:17:45.319860] [0x00007f47977fe700] - /root/taxrates_download_api/csv/201602/TAXRATES_ZIP5_CT201602.csv
0: [notification] [2016-Feb-23 16:17:45.319121] [0x00007f47a6d9a700] - /root/taxrates_download_api/csv/201602/TAXRATES_ZIP5_AK201602.csv
12: [notification] [2016-Feb-23 16:17:45.321577] [0x00007f478ffff700] - /root/taxrates_download_api/csv/201602/TAXRATES_ZIP5_ID201602.csv
8: [notification] [2016-Feb-23 16:17:45.320632] [0x00007f47967fc700] - /root/taxrates_download_api/csv/201602/TAXRATES_ZIP5_FL201602.csv
16: [notification] [2016-Feb-23 16:17:45.323165] [0x00007f478dffb700] - /root/taxrates_download_api/csv/201602/TAXRATES_ZIP5_KY201602.csv
14: [notification] [2016-Feb-23 16:17:45.322065] [0x00007f478effd700] - /root/taxrates_download_api/csv/201602/TAXRATES_ZIP5_IN201602.csv
3: [notification] [2016-Feb-23 16:17:45.319201] [0x00007f47a5d98700] - /root/taxrates_download_api/csv/201602/TAXRATES_ZIP5_AR201602.csv
17: [notification] [2016-Feb-23 16:17:45.325128] [0x00007f478d7fa700] - /root/taxrates_download_api/csv/201602/TAXRATES_ZIP5_LA201602.csv
18: [notification] [2016-Feb-23 16:17:45.327581] [0x00007f474bfff700] - /root/taxrates_download_api/csv/201602/TAXRATES_ZIP5_ME201602.csv
19: [notification] [2016-Feb-23 16:17:45.329073] [0x00007f4753fff700] - /root/taxrates_download_api/csv/201602/TAXRATES_ZIP5_MD201602.csv
20: [notification] [2016-Feb-23 16:17:45.329781] [0x00007f478cff9700] - /root/taxrates_download_api/csv/201602/TAXRATES_ZIP5_MA201602.csv
21: [notification] [2016-Feb-23 16:17:45.330294] [0x00007f47537fe700] - /root/taxrates_download_api/csv/201602/TAXRATES_ZIP5_MI201602.csv
22: [notification] [2016-Feb-23 16:17:45.331272] [0x00007f4752ffd700] - /root/taxrates_download_api/csv/201602/TAXRATES_ZIP5_MN201602.csv
23: [notification] [2016-Feb-23 16:17:45.331422] [0x00007f47527fc700] - /root/taxrates_download_api/csv/201602/TAXRATES_ZIP5_MO201602.csv
24: [notification] [2016-Feb-23 16:17:45.331516] [0x00007f4751ffb700] - /root/taxrates_download_api/csv/201602/TAXRATES_ZIP5_MS201602.csv
25: [notification] [2016-Feb-23 16:17:45.333373] [0x00007f47517fa700] - /root/taxrates_download_api/csv/201602/TAXRATES_ZIP5_MT201602.csv
26: [notification] [2016-Feb-23 16:17:45.333700] [0x00007f4750ff9700] - /root/taxrates_download_api/csv/201602/TAXRATES_ZIP5_NC201602.csv
27: [notification] [2016-Feb-23 16:17:45.333938] [0x00007f474b7fe700] - /root/taxrates_download_api/csv/201602/TAXRATES_ZIP5_ND201602.csv
28: [notification] [2016-Feb-23 16:17:45.334706] [0x00007f474affd700] - /root/taxrates_download_api/csv/201602/TAXRATES_ZIP5_NE201602.csv
30: [notification] [2016-Feb-23 16:17:45.335640] [0x00007f4749ffb700] - /root/taxrates_download_api/csv/201602/TAXRATES_ZIP5_NJ201602.csv
29: [notification] [2016-Feb-23 16:17:45.335151] [0x00007f474a7fc700] - /root/taxrates_download_api/csv/201602/TAXRATES_ZIP5_NH201602.csv
31: [notification] [2016-Feb-23 16:17:45.336366] [0x00007f47497fa700] - /root/taxrates_download_api/csv/201602/TAXRATES_ZIP5_NM201602.csv
32: [notification] [2016-Feb-23 16:17:45.338455] [0x00007f4748ff9700] - /root/taxrates_download_api/csv/201602/TAXRATES_ZIP5_NV201602.csv
33: [notification] [2016-Feb-23 16:17:45.338775] [0x00007f4713fff700] - /root/taxrates_download_api/csv/201602/TAXRATES_ZIP5_NY201602.csv
34: [notification] [2016-Feb-23 16:17:45.339279] [0x00007f47137fe700] - /root/taxrates_download_api/csv/201602/TAXRATES_ZIP5_OH201602.csv
35: [notification] [2016-Feb-23 16:17:45.339493] [0x00007f4712ffd700] - /root/taxrates_download_api/csv/201602/TAXRATES_ZIP5_OK201602.csv
36: [notification] [2016-Feb-23 16:17:45.340437] [0x00007f47127fc700] - /root/taxrates_download_api/csv/201602/TAXRATES_ZIP5_OR201602.csv
37: [notification] [2016-Feb-23 16:17:45.340753] [0x00007f4711ffb700] - /root/taxrates_download_api/csv/201602/TAXRATES_ZIP5_PA201602.csv
38: [notification] [2016-Feb-23 16:17:45.341639] [0x00007f47117fa700] - /root/taxrates_download_api/csv/201602/TAXRATES_ZIP5_RI201602.csv
39: [notification] [2016-Feb-23 16:17:45.342466] [0x00007f46f3fff700] - /root/taxrates_download_api/csv/201602/TAXRATES_ZIP5_SD201602.csv
40: [notification] [2016-Feb-23 16:17:45.342802] [0x00007f4710ff9700] - /root/taxrates_download_api/csv/201602/TAXRATES_ZIP5_SC201602.csv
41: [notification] [2016-Feb-23 16:17:45.343418] [0x00007f46f37fe700] - /root/taxrates_download_api/csv/201602/TAXRATES_ZIP5_TN201602.csv
42: [notification] [2016-Feb-23 16:17:45.343741] [0x00007f46f2ffd700] - /root/taxrates_download_api/csv/201602/TAXRATES_ZIP5_TX201602.csv
43: [notification] [2016-Feb-23 16:17:45.343849] [0x00007f46f27fc700] - /root/taxrates_download_api/csv/201602/TAXRATES_ZIP5_UT201602.csv
44: [notification] [2016-Feb-23 16:17:45.344679] [0x00007f46f1ffb700] - /root/taxrates_download_api/csv/201602/TAXRATES_ZIP5_VT201602.csv
45: [notification] [2016-Feb-23 16:17:45.344715] [0x00007f46f17fa700] - /root/taxrates_download_api/csv/201602/TAXRATES_ZIP5_VA201602.csv
46: [notification] [2016-Feb-23 16:17:45.346604] [0x00007f46f0ff9700] - /root/taxrates_download_api/csv/201602/TAXRATES_ZIP5_WA201602.csv
49: [notification] [2016-Feb-23 16:17:45.347084] [0x00007f46d37fe700] - /root/taxrates_download_api/csv/201602/TAXRATES_ZIP5_WY201602.csv
48: [notification] [2016-Feb-23 16:17:45.347038] [0x00007f46cbfff700] - /root/taxrates_download_api/csv/201602/TAXRATES_ZIP5_WV201602.csv
47: [notification] [2016-Feb-23 16:17:45.347023] [0x00007f46d3fff700] - /root/taxrates_download_api/csv/201602/TAXRATES_ZIP5_WI201602.csv
50: [notification] [2016-Feb-23 16:17:45.347964] [0x00007f46d2ffd700] - /root/taxrates_download_api/csv/201602/TAXRATES_ZIP5_DC201602.csv
51: [notification] [2016-Feb-23 16:17:45.348770] [0x00007f46d27fc700] - /root/taxrates_download_api/csv/201602/TAXRATES_ZIP5_PR201602.csv
