0: [notification] [2016-Feb-23 17:05:01.683648] [0x00007f67b3eee700] - /root/taxrates_download_api/csv/201602/TAXRATES_ZIP5_AK201602.csv
2: [notification] [2016-Feb-23 17:05:01.683825] [0x00007f67aa6eb700] - /root/taxrates_download_api/csv/201602/TAXRATES_ZIP5_AZ201602.csv
3: [notification] [2016-Feb-23 17:05:01.683882] [0x00007f67b2eec700] - /root/taxrates_download_api/csv/201602/TAXRATES_ZIP5_AR201602.csv
6: [notification] [2016-Feb-23 17:05:01.688100] [0x00007f67b16e9700] - /root/taxrates_download_api/csv/201602/TAXRATES_ZIP5_CT201602.csv
4: [notification] [2016-Feb-23 17:05:01.684121] [0x00007f67b26eb700] - /root/taxrates_download_api/csv/201602/TAXRATES_ZIP5_CA201602.csv
1: [notification] [2016-Feb-23 17:05:01.683771] [0x00007f67b36ed700] - /root/taxrates_download_api/csv/201602/TAXRATES_ZIP5_AL201602.csv
7: [notification] [2016-Feb-23 17:05:01.688943] [0x00007f67b0ee8700] - /root/taxrates_download_api/csv/201602/TAXRATES_ZIP5_DE201602.csv
5: [notification] [2016-Feb-23 17:05:01.687863] [0x00007f67b1eea700] - /root/taxrates_download_api/csv/201602/TAXRATES_ZIP5_CO201602.csv
9: [notification] [2016-Feb-23 17:05:01.689408] [0x00007f67ab7fe700] - /root/taxrates_download_api/csv/201602/TAXRATES_ZIP5_GA201602.csv
10: [notification] [2016-Feb-23 17:05:01.689480] [0x00007f67aaffd700] - /root/taxrates_download_api/csv/201602/TAXRATES_ZIP5_HI201602.csv
8: [notification] [2016-Feb-23 17:05:01.689322] [0x00007f67abfff700] - /root/taxrates_download_api/csv/201602/TAXRATES_ZIP5_FL201602.csv
12: [notification] [2016-Feb-23 17:05:01.690177] [0x00007f67a96e9700] - /root/taxrates_download_api/csv/201602/TAXRATES_ZIP5_ID201602.csv
11: [notification] [2016-Feb-23 17:05:01.689524] [0x00007f67a9eea700] - /root/taxrates_download_api/csv/201602/TAXRATES_ZIP5_IA201602.csv
13: [notification] [2016-Feb-23 17:05:01.694584] [0x00007f67a8ee8700] - /root/taxrates_download_api/csv/201602/TAXRATES_ZIP5_IL201602.csv
14: [notification] [2016-Feb-23 17:05:01.695906] [0x00007f67a3fff700] - /root/taxrates_download_api/csv/201602/TAXRATES_ZIP5_IN201602.csv
15: [notification] [2016-Feb-23 17:05:01.697423] [0x00007f67a37fe700] - /root/taxrates_download_api/csv/201602/TAXRATES_ZIP5_KS201602.csv
16: [notification] [2016-Feb-23 17:05:01.697706] [0x00007f67a2ffd700] - /root/taxrates_download_api/csv/201602/TAXRATES_ZIP5_KY201602.csv
17: [notification] [2016-Feb-23 17:05:01.699955] [0x00007f67a27fc700] - /root/taxrates_download_api/csv/201602/TAXRATES_ZIP5_LA201602.csv
18: [notification] [2016-Feb-23 17:05:01.701304] [0x00007f67a1ffb700] - /root/taxrates_download_api/csv/201602/TAXRATES_ZIP5_MA201602.csv
19: [notification] [2016-Feb-23 17:05:01.702175] [0x00007f67a17fa700] - /root/taxrates_download_api/csv/201602/TAXRATES_ZIP5_MD201602.csv
20: [notification] [2016-Feb-23 17:05:01.704781] [0x00007f67a0ff9700] - /root/taxrates_download_api/csv/201602/TAXRATES_ZIP5_ME201602.csv
21: [notification] [2016-Feb-23 17:05:01.705224] [0x00007f676bfff700] - /root/taxrates_download_api/csv/201602/TAXRATES_ZIP5_MI201602.csv
22: [notification] [2016-Feb-23 17:05:01.708109] [0x00007f676b7fe700] - /root/taxrates_download_api/csv/201602/TAXRATES_ZIP5_MN201602.csv
24: [notification] [2016-Feb-23 17:05:01.709435] [0x00007f676a7fc700] - /root/taxrates_download_api/csv/201602/TAXRATES_ZIP5_MS201602.csv
23: [notification] [2016-Feb-23 17:05:01.708674] [0x00007f676affd700] - /root/taxrates_download_api/csv/201602/TAXRATES_ZIP5_MO201602.csv
25: [notification] [2016-Feb-23 17:05:01.718271] [0x00007f6739ffb700] - /root/taxrates_download_api/csv/201602/TAXRATES_ZIP5_MT201602.csv
26: [notification] [2016-Feb-23 17:05:01.720401] [0x00007f6738ff9700] - /root/taxrates_download_api/csv/201602/TAXRATES_ZIP5_NC201602.csv
27: [notification] [2016-Feb-23 17:05:01.721244] [0x00007f6732ffd700] - /root/taxrates_download_api/csv/201602/TAXRATES_ZIP5_ND201602.csv
28: [notification] [2016-Feb-23 17:05:01.722792] [0x00007f6731ffb700] - /root/taxrates_download_api/csv/201602/TAXRATES_ZIP5_NE201602.csv
29: [notification] [2016-Feb-23 17:05:01.725357] [0x00007f6723fff700] - /root/taxrates_download_api/csv/201602/TAXRATES_ZIP5_NH201602.csv
30: [notification] [2016-Feb-23 17:05:01.725398] [0x00007f67227fc700] - /root/taxrates_download_api/csv/201602/TAXRATES_ZIP5_NJ201602.csv
31: [notification] [2016-Feb-23 17:05:01.727417] [0x00007f6721ffb700] - /root/taxrates_download_api/csv/201602/TAXRATES_ZIP5_NM201602.csv
32: [notification] [2016-Feb-23 17:05:01.728699] [0x00007f67217fa700] - /root/taxrates_download_api/csv/201602/TAXRATES_ZIP5_NV201602.csv
33: [notification] [2016-Feb-23 17:05:01.730104] [0x00007f66d3fff700] - /root/taxrates_download_api/csv/201602/TAXRATES_ZIP5_NY201602.csv
34: [notification] [2016-Feb-23 17:05:01.731355] [0x00007f66d37fe700] - /root/taxrates_download_api/csv/201602/TAXRATES_ZIP5_OH201602.csv
35: [notification] [2016-Feb-23 17:05:01.731878] [0x00007f66d17fa700] - /root/taxrates_download_api/csv/201602/TAXRATES_ZIP5_OK201602.csv
36: [notification] [2016-Feb-23 17:05:01.733544] [0x00007f66d0ff9700] - /root/taxrates_download_api/csv/201602/TAXRATES_ZIP5_OR201602.csv
37: [notification] [2016-Feb-23 17:05:01.734365] [0x00007f66a77fe700] - /root/taxrates_download_api/csv/201602/TAXRATES_ZIP5_PA201602.csv
38: [notification] [2016-Feb-23 17:05:01.737641] [0x00007f66a5ffb700] - /root/taxrates_download_api/csv/201602/TAXRATES_ZIP5_RI201602.csv
39: [notification] [2016-Feb-23 17:05:01.738646] [0x00007f669ffff700] - /root/taxrates_download_api/csv/201602/TAXRATES_ZIP5_SC201602.csv
40: [notification] [2016-Feb-23 17:05:01.739237] [0x00007f669f7fe700] - /root/taxrates_download_api/csv/201602/TAXRATES_ZIP5_SD201602.csv
41: [notification] [2016-Feb-23 17:05:01.744017] [0x00007f669e7fc700] - /root/taxrates_download_api/csv/201602/TAXRATES_ZIP5_TN201602.csv
42: [notification] [2016-Feb-23 17:05:01.745098] [0x00007f6696ffd700] - /root/taxrates_download_api/csv/201602/TAXRATES_ZIP5_TX201602.csv
43: [notification] [2016-Feb-23 17:05:01.746743] [0x00007f66967fc700] - /root/taxrates_download_api/csv/201602/TAXRATES_ZIP5_UT201602.csv
44: [notification] [2016-Feb-23 17:05:01.747297] [0x00007f66957fa700] - /root/taxrates_download_api/csv/201602/TAXRATES_ZIP5_VT201602.csv
45: [notification] [2016-Feb-23 17:05:01.748272] [0x00007f6694ff9700] - /root/taxrates_download_api/csv/201602/TAXRATES_ZIP5_VA201602.csv
46: [notification] [2016-Feb-23 17:05:01.748611] [0x00007f66877fe700] - /root/taxrates_download_api/csv/201602/TAXRATES_ZIP5_WA201602.csv
47: [notification] [2016-Feb-23 17:05:01.748923] [0x00007f6686ffd700] - /root/taxrates_download_api/csv/201602/TAXRATES_ZIP5_WI201602.csv
48: [notification] [2016-Feb-23 17:05:01.749318] [0x00007f66867fc700] - /root/taxrates_download_api/csv/201602/TAXRATES_ZIP5_WV201602.csv
49: [notification] [2016-Feb-23 17:05:01.749818] [0x00007f66857fa700] - /root/taxrates_download_api/csv/201602/TAXRATES_ZIP5_WY201602.csv
50: [notification] [2016-Feb-23 17:05:01.751493] [0x00007f6684ff9700] - /root/taxrates_download_api/csv/201602/TAXRATES_ZIP5_DC201602.csv
51: [notification] [2016-Feb-23 17:05:01.753221] [0x00007f66837f6700] - /root/taxrates_download_api/csv/201602/TAXRATES_ZIP5_PR201602.csv
